<?xml version="1.0" encoding="UTF-8"?>
<!-- Generated by org.testng.reporters.JUnitReportReporter -->
<testsuite hostname="Vignesh" failures="0" tests="1" name="SumValidationTest" time="4.753" errors="0" timestamp="2023-08-26T19:49:44 IST" skipped="0">
  <testcase classname="SumValidationTest" name="sumOfCoursesTest" time="4.753"/>
  <system-out/>
</testsuite> <!-- SumValidationTest -->
